<?xml version="1.0" encoding="UTF-8"?>
<!-- Generated by org.testng.reporters.JUnitXMLReporter -->
<testsuite ignored="0" hostname="LAPTOP-OCLQFV1C" failures="0" tests="5" name="Default test" time="3.407" errors="0" timestamp="2025-03-19T20:18:58 EDT">
  <testcase classname="RestAssured.RestAssuredAutomation.BasicAPITest" name="testExtractResponse" time="2.659"/>
  <testcase classname="RestAssured.RestAssuredAutomation.BasicAPITest" name="testGetUser" time="0.085"/>
  <testcase classname="RestAssured.RestAssuredAutomation.BasicAPITest" name="testJsonResponse" time="0.153"/>
  <testcase classname="RestAssured.RestAssuredAutomation.BasicAPITest" name="testPostUser" time="0.34"/>
  <testcase classname="RestAssured.RestAssuredAutomation.BasicAPITest" name="testWithQueryParams" time="0.12"/>
</testsuite> <!-- Default test -->
