<?xml version="1.0" encoding="UTF-8"?>
<testng-results ignored="0" total="5" passed="5" failed="0" skipped="0">
  <reporter-output>
  </reporter-output>
  <suite started-at="2025-03-19T20:18:54 EDT" name="Default suite" finished-at="2025-03-19T20:18:58 EDT" duration-ms="3407">
    <groups>
    </groups>
    <test started-at="2025-03-19T20:18:54 EDT" name="Default test" finished-at="2025-03-19T20:18:58 EDT" duration-ms="3407">
      <class name="RestAssured.RestAssuredAutomation.BasicAPITest">
        <test-method signature="testExtractResponse()[pri:0, instance:RestAssured.RestAssuredAutomation.BasicAPITest@f6efaab]" started-at="2025-03-19T20:18:55 EDT" name="testExtractResponse" finished-at="2025-03-19T20:18:57 EDT" duration-ms="2659" status="PASS">
          <reporter-output>
          </reporter-output>
        </test-method> <!-- testExtractResponse -->
        <test-method signature="testGetUser()[pri:0, instance:RestAssured.RestAssuredAutomation.BasicAPITest@f6efaab]" started-at="2025-03-19T20:18:57 EDT" name="testGetUser" finished-at="2025-03-19T20:18:57 EDT" duration-ms="85" status="PASS">
          <reporter-output>
          </reporter-output>
        </test-method> <!-- testGetUser -->
        <test-method signature="testJsonResponse()[pri:0, instance:RestAssured.RestAssuredAutomation.BasicAPITest@f6efaab]" started-at="2025-03-19T20:18:57 EDT" name="testJsonResponse" finished-at="2025-03-19T20:18:57 EDT" duration-ms="153" status="PASS">
          <reporter-output>
          </reporter-output>
        </test-method> <!-- testJsonResponse -->
        <test-method signature="testPostUser()[pri:0, instance:RestAssured.RestAssuredAutomation.BasicAPITest@f6efaab]" started-at="2025-03-19T20:18:57 EDT" name="testPostUser" finished-at="2025-03-19T20:18:58 EDT" duration-ms="340" status="PASS">
          <reporter-output>
          </reporter-output>
        </test-method> <!-- testPostUser -->
        <test-method signature="testWithQueryParams()[pri:0, instance:RestAssured.RestAssuredAutomation.BasicAPITest@f6efaab]" started-at="2025-03-19T20:18:58 EDT" name="testWithQueryParams" finished-at="2025-03-19T20:18:58 EDT" duration-ms="120" status="PASS">
          <reporter-output>
          </reporter-output>
        </test-method> <!-- testWithQueryParams -->
      </class> <!-- RestAssured.RestAssuredAutomation.BasicAPITest -->
    </test> <!-- Default test -->
  </suite> <!-- Default suite -->
</testng-results>
